<?xml version="1.0" encoding="UTF-8"?>
<!-- Generated by org.testng.reporters.JUnitReportReporter -->
<testsuite hostname="DESKTOP-3FO53C9" failures="0" tests="1" name="com.Celestail.Framework.LoginPageTest" time="11.872" errors="0" timestamp="2022-12-16T15:34:22 IST" skipped="0">
  <testcase classname="com.Celestail.Framework.LoginPageTest" name="verifyUserCredentials" time="11.872"/>
</testsuite> <!-- com.Celestail.Framework.LoginPageTest -->
